

================================================================
== Vivado HLS Report for 'accelerator'
================================================================
* Date:           Fri Mar 16 21:10:38 2018

* Version:        2017.2 (Build 1909853 on Thu Jun 15 18:55:24 MDT 2017)
* Project:        accelerator
* Solution:       solution_dataflow
* Product family: virtexu
* Target device:  xcvu095-ffvc1517-2-e


================================================================
== Performance Estimates
================================================================
+ Timing (ns): 
    * Summary: 
    +--------+-------+----------+------------+
    |  Clock | Target| Estimated| Uncertainty|
    +--------+-------+----------+------------+
    |ap_clk  |   5.00|      6.67|        0.62|
    +--------+-------+----------+------------+

+ Latency (clock cycles): 
    * Summary: 
    +-----+-----+-----+-----+----------+
    |  Latency  |  Interval | Pipeline |
    | min | max | min | max |   Type   |
    +-----+-----+-----+-----+----------+
    |    ?|    ?|    ?|    ?| dataflow |
    +-----+-----+-----+-----+----------+

    + Detail: 
        * Instance: 
        +---------------+------------+-----+-----+-----+-----+---------+
        |               |            |  Latency  |  Interval | Pipeline|
        |    Instance   |   Module   | min | max | min | max |   Type  |
        +---------------+------------+-----+-----+-----+-----+---------+
        |Block_proc_U0  |Block_proc  |    ?|    ?|    ?|    ?|   none  |
        +---------------+------------+-----+-----+-----+-----+---------+

        * Loop: 
        N/A



================================================================
== Utilization Estimates
================================================================
* Summary: 
+-----------------+---------+-------+---------+--------+
|       Name      | BRAM_18K| DSP48E|    FF   |   LUT  |
+-----------------+---------+-------+---------+--------+
|DSP              |        -|      -|        -|       -|
|Expression       |        -|      -|        -|       -|
|FIFO             |        -|      -|        -|       -|
|Instance         |     1154|    636|   152287|  125771|
|Memory           |        -|      -|        -|       -|
|Multiplexer      |        -|      -|        -|       -|
|Register         |        -|      -|        -|       -|
+-----------------+---------+-------+---------+--------+
|Total            |     1154|    636|   152287|  125771|
+-----------------+---------+-------+---------+--------+
|Available        |     3456|    768|  1075200|  537600|
+-----------------+---------+-------+---------+--------+
|Utilization (%)  |       33|     82|       14|      23|
+-----------------+---------+-------+---------+--------+

+ Detail: 
    * Instance: 
    +------------------------------+----------------------------+---------+-------+--------+--------+
    |           Instance           |           Module           | BRAM_18K| DSP48E|   FF   |   LUT  |
    +------------------------------+----------------------------+---------+-------+--------+--------+
    |Block_proc_U0                 |Block_proc                  |     1152|    636|  151236|  124313|
    |accelerator_CTRL_BUS_s_axi_U  |accelerator_CTRL_BUS_s_axi  |        0|      0|     539|     878|
    |accelerator_mem_m_axi_U       |accelerator_mem_m_axi       |        2|      0|     512|     580|
    +------------------------------+----------------------------+---------+-------+--------+--------+
    |Total                         |                            |     1154|    636|  152287|  125771|
    +------------------------------+----------------------------+---------+-------+--------+--------+

    * DSP48: 
    N/A

    * Memory: 
    N/A

    * FIFO: 
    N/A

    * Expression: 
    N/A

    * Multiplexer: 
    N/A

    * Register: 
    N/A



================================================================
== Interface
================================================================
* Summary: 
+------------------------+-----+-----+------------+--------------+--------------+
|        RTL Ports       | Dir | Bits|  Protocol  | Source Object|    C Type    |
+------------------------+-----+-----+------------+--------------+--------------+
|s_axi_CTRL_BUS_AWVALID  |  in |    1|    s_axi   |   CTRL_BUS   |    scalar    |
|s_axi_CTRL_BUS_AWREADY  | out |    1|    s_axi   |   CTRL_BUS   |    scalar    |
|s_axi_CTRL_BUS_AWADDR   |  in |    8|    s_axi   |   CTRL_BUS   |    scalar    |
|s_axi_CTRL_BUS_WVALID   |  in |    1|    s_axi   |   CTRL_BUS   |    scalar    |
|s_axi_CTRL_BUS_WREADY   | out |    1|    s_axi   |   CTRL_BUS   |    scalar    |
|s_axi_CTRL_BUS_WDATA    |  in |   32|    s_axi   |   CTRL_BUS   |    scalar    |
|s_axi_CTRL_BUS_WSTRB    |  in |    4|    s_axi   |   CTRL_BUS   |    scalar    |
|s_axi_CTRL_BUS_ARVALID  |  in |    1|    s_axi   |   CTRL_BUS   |    scalar    |
|s_axi_CTRL_BUS_ARREADY  | out |    1|    s_axi   |   CTRL_BUS   |    scalar    |
|s_axi_CTRL_BUS_ARADDR   |  in |    8|    s_axi   |   CTRL_BUS   |    scalar    |
|s_axi_CTRL_BUS_RVALID   | out |    1|    s_axi   |   CTRL_BUS   |    scalar    |
|s_axi_CTRL_BUS_RREADY   |  in |    1|    s_axi   |   CTRL_BUS   |    scalar    |
|s_axi_CTRL_BUS_RDATA    | out |   32|    s_axi   |   CTRL_BUS   |    scalar    |
|s_axi_CTRL_BUS_RRESP    | out |    2|    s_axi   |   CTRL_BUS   |    scalar    |
|s_axi_CTRL_BUS_BVALID   | out |    1|    s_axi   |   CTRL_BUS   |    scalar    |
|s_axi_CTRL_BUS_BREADY   |  in |    1|    s_axi   |   CTRL_BUS   |    scalar    |
|s_axi_CTRL_BUS_BRESP    | out |    2|    s_axi   |   CTRL_BUS   |    scalar    |
|ap_clk                  |  in |    1| ap_ctrl_hs |  accelerator | return value |
|ap_rst_n                |  in |    1| ap_ctrl_hs |  accelerator | return value |
|ap_start                |  in |    1| ap_ctrl_hs |  accelerator | return value |
|ap_ready                | out |    1| ap_ctrl_hs |  accelerator | return value |
|ap_done                 | out |    1| ap_ctrl_hs |  accelerator | return value |
|ap_idle                 | out |    1| ap_ctrl_hs |  accelerator | return value |
|m_axi_mem_AWVALID       | out |    1|    m_axi   |      mem     |    pointer   |
|m_axi_mem_AWREADY       |  in |    1|    m_axi   |      mem     |    pointer   |
|m_axi_mem_AWADDR        | out |   32|    m_axi   |      mem     |    pointer   |
|m_axi_mem_AWID          | out |    1|    m_axi   |      mem     |    pointer   |
|m_axi_mem_AWLEN         | out |    8|    m_axi   |      mem     |    pointer   |
|m_axi_mem_AWSIZE        | out |    3|    m_axi   |      mem     |    pointer   |
|m_axi_mem_AWBURST       | out |    2|    m_axi   |      mem     |    pointer   |
|m_axi_mem_AWLOCK        | out |    2|    m_axi   |      mem     |    pointer   |
|m_axi_mem_AWCACHE       | out |    4|    m_axi   |      mem     |    pointer   |
|m_axi_mem_AWPROT        | out |    3|    m_axi   |      mem     |    pointer   |
|m_axi_mem_AWQOS         | out |    4|    m_axi   |      mem     |    pointer   |
|m_axi_mem_AWREGION      | out |    4|    m_axi   |      mem     |    pointer   |
|m_axi_mem_AWUSER        | out |    1|    m_axi   |      mem     |    pointer   |
|m_axi_mem_WVALID        | out |    1|    m_axi   |      mem     |    pointer   |
|m_axi_mem_WREADY        |  in |    1|    m_axi   |      mem     |    pointer   |
|m_axi_mem_WDATA         | out |   32|    m_axi   |      mem     |    pointer   |
|m_axi_mem_WSTRB         | out |    4|    m_axi   |      mem     |    pointer   |
|m_axi_mem_WLAST         | out |    1|    m_axi   |      mem     |    pointer   |
|m_axi_mem_WID           | out |    1|    m_axi   |      mem     |    pointer   |
|m_axi_mem_WUSER         | out |    1|    m_axi   |      mem     |    pointer   |
|m_axi_mem_ARVALID       | out |    1|    m_axi   |      mem     |    pointer   |
|m_axi_mem_ARREADY       |  in |    1|    m_axi   |      mem     |    pointer   |
|m_axi_mem_ARADDR        | out |   32|    m_axi   |      mem     |    pointer   |
|m_axi_mem_ARID          | out |    1|    m_axi   |      mem     |    pointer   |
|m_axi_mem_ARLEN         | out |    8|    m_axi   |      mem     |    pointer   |
|m_axi_mem_ARSIZE        | out |    3|    m_axi   |      mem     |    pointer   |
|m_axi_mem_ARBURST       | out |    2|    m_axi   |      mem     |    pointer   |
|m_axi_mem_ARLOCK        | out |    2|    m_axi   |      mem     |    pointer   |
|m_axi_mem_ARCACHE       | out |    4|    m_axi   |      mem     |    pointer   |
|m_axi_mem_ARPROT        | out |    3|    m_axi   |      mem     |    pointer   |
|m_axi_mem_ARQOS         | out |    4|    m_axi   |      mem     |    pointer   |
|m_axi_mem_ARREGION      | out |    4|    m_axi   |      mem     |    pointer   |
|m_axi_mem_ARUSER        | out |    1|    m_axi   |      mem     |    pointer   |
|m_axi_mem_RVALID        |  in |    1|    m_axi   |      mem     |    pointer   |
|m_axi_mem_RREADY        | out |    1|    m_axi   |      mem     |    pointer   |
|m_axi_mem_RDATA         |  in |   32|    m_axi   |      mem     |    pointer   |
|m_axi_mem_RLAST         |  in |    1|    m_axi   |      mem     |    pointer   |
|m_axi_mem_RID           |  in |    1|    m_axi   |      mem     |    pointer   |
|m_axi_mem_RUSER         |  in |    1|    m_axi   |      mem     |    pointer   |
|m_axi_mem_RRESP         |  in |    2|    m_axi   |      mem     |    pointer   |
|m_axi_mem_BVALID        |  in |    1|    m_axi   |      mem     |    pointer   |
|m_axi_mem_BREADY        | out |    1|    m_axi   |      mem     |    pointer   |
|m_axi_mem_BRESP         |  in |    2|    m_axi   |      mem     |    pointer   |
|m_axi_mem_BID           |  in |    1|    m_axi   |      mem     |    pointer   |
|m_axi_mem_BUSER         |  in |    1|    m_axi   |      mem     |    pointer   |
+------------------------+-----+-----+------------+--------------+--------------+

